<?xml version="1.0" encoding="utf-8"?><testsuites name="pytest tests"><testsuite name="pytest" errors="0" failures="0" skipped="0" tests="21" time="1.543" timestamp="2026-08-24T23:35:49.486125+00:00" hostname="agent-env-dc2a25ac-340e-40a1-a80f-d7dd2b7078f8"><testcase classname="tests.test_rank_scopes.TestLeaderboardScopes" name="test_global" time="0.163" /><testcase classname="tests.test_rank_scopes.TestByClassReports" name="test_studio_reports_by_class" time="0.197" /><testcase classname="tests.test_rank_scopes.TestLeaderboardScopes" name="test_class_scope" time="0.056" /><testcase classname="tests.test_rank_scopes.TestByClassReports" name="test_studio_reports_bad_class" time="0.073" /><testcase classname="tests.test_rank_scopes.TestLeaderboardScopes" name="test_class_scope_missing_expedition_id" time="0.058" /><testcase classname="tests.test_rank_scopes.TestByClassReports" name="test_assessment_reports_by_class" time="0.089" /><testcase classname="tests.test_rank_scopes.TestLeaderboardScopes" name="test_class_scope_bad_expedition_id" time="0.051" /><testcase classname="tests.test_rank_scopes.TestLeaderboardScopes" name="test_teacher_scope" time="0.056" /><testcase classname="tests.test_rank_scopes.TestByClassReports" name="test_assessment_reports_bad_class" time="0.057" /><testcase classname="tests.test_rank_scopes.TestLeaderboardScopes" name="test_school_scope" time="0.051" /><testcase classname="tests.test_rank_scopes.TestByClassReports" name="test_reports_require_guide" time="0.204" /><testcase classname="tests.test_rank_scopes.TestLeaderboardScopes" name="test_school_scope_unknown_school" time="0.058" /><testcase classname="tests.test_rank_scopes.TestLeaderboardScopes" name="test_week_period" time="0.052" /><testcase classname="tests.test_rank_scopes.TestLeaderboardScopes" name="test_total_points_include_studio_and_checkpoints" time="0.052" /><testcase classname="tests.test_rank_scopes.TestRankScopes" name="test_guide_scopes" time="0.054" /><testcase classname="tests.test_rank_scopes.TestAuth" name="test_guide_me" time="0.106" /><testcase classname="tests.test_rank_scopes.TestRankScopes" name="test_explorer_scopes" time="0.126" /><testcase classname="tests.test_rank_scopes.TestAuth" name="test_explorer_me" time="0.054" /><testcase classname="tests.test_rank_scopes.TestSchoolUpdate" name="test_set_and_restore_school" time="0.228" /><testcase classname="tests.test_rank_scopes.TestAuth" name="test_leaderboard_requires_auth" time="0.106" /><testcase classname="tests.test_rank_scopes.TestSchoolUpdate" name="test_explorer_cannot_set_school" time="0.047" /></testsuite></testsuites>