<?xml version="1.0" encoding="utf-8"?><testsuites name="pytest tests"><testsuite name="pytest" errors="0" failures="12" skipped="0" tests="63" time="22.924" timestamp="2026-08-26T18:02:51.857995+00:00" hostname="agent-env-dc2a25ac-340e-40a1-a80f-d7dd2b7078f8"><testcase classname="tests.test_skillstudio_email.TestSkillStudioEmail" name="test_010_public_track_shape" time="0.299"><failure message="AssertionError: assert 14 == 12&#10; +  where 14 = len([{'id': 'email-b1', 'track': 'email', 'order': 1, 'title': 'Whose Email Is It?', ...}, {'id': 'email-b2', 'track': 'em...Replying to an Email', ...}, {'id': 'email-m4', 'track': 'email', 'order': 6, 'title': 'Reply vs Reply All', ...}, ...])">E   AssertionError: assert 14 == 12
     +  where 14 = len([{'id': 'email-b1', 'track': 'email', 'order': 1, 'title': 'Whose Email Is It?', ...}, {'id': 'email-b2', 'track': 'em...Replying to an Email', ...}, {'id': 'email-m4', 'track': 'email', 'order': 6, 'title': 'Reply vs Reply All', ...}, ...])</failure></testcase><testcase classname="tests.test_email_basics.TestEmailTrackOrdering" name="test_mission_count" time="0.241" /><testcase classname="tests.test_email_basics.TestEmailTrackOrdering" name="test_order_sequence" time="0.000" /><testcase classname="tests.test_email_basics.TestEmailTrackOrdering" name="test_no_duplicate_orders" time="0.000" /><testcase classname="tests.test_email_basics.TestEmailTrackOrdering" name="test_new_mission_titles" time="0.000" /><testcase classname="tests.test_email_basics.TestEmailTrackOrdering" name="test_b2_task_checks" time="0.000" /><testcase classname="tests.test_email_basics.TestEmailTrackOrdering" name="test_b2_seed_doc_has_to_and_cc" time="0.000" /><testcase classname="tests.test_email_basics.TestEmailTrackOrdering" name="test_no_mongo_id_leak" time="0.000" /><testcase classname="tests.test_email_basics.TestEmailRegression" name="test_m1_deterministic" time="0.155" /><testcase classname="tests.test_skillstudio_email.TestSkillStudioEmail" name="test_100_guide_submit_403" time="0.199"><failure message="assert 200 == 403&#10; +  where 200 = &lt;Response [200]&gt;.status_code">E   assert 200 == 403
     +  where 200 = &lt;Response [200]&gt;.status_code</failure></testcase><testcase classname="tests.test_email_basics.TestEmailRegression" name="test_m8_attachment" time="0.374" /><testcase classname="tests.test_skillstudio_email.TestSkillStudioEmail" name="test_110_unknown_mission_404" time="0.166" /><testcase classname="tests.test_skillstudio_email.TestSkillStudioEmail" name="test_120_wrong_track_404" time="0.248" /><testcase classname="tests.test_email_basics.TestEmailRegression" name="test_ai_mission_m10_sanity" time="3.381" /><testcase classname="tests.test_skillstudio_email.TestSkillStudioEmail" name="test_130_unauth_submit_401" time="0.217" /><testcase classname="tests.test_skillstudio_email.TestSkillStudioEmail" name="test_140_reports_guide_ok_explorer_403" time="0.163"><failure message="AssertionError: assert {'lessons': 14, 'drills': 7, 'tasks': 3} == 12">E   AssertionError: assert {'lessons': 14, 'drills': 7, 'tasks': 3} == 12</failure></testcase><testcase classname="tests.test_skillstudio_email.TestSkillStudioEmail" name="test_200_m1_open_inbox_emails" time="0.424" /><testcase classname="tests.test_skillstudio_email.TestSkillStudioEmail" name="test_210_m2_search_and_open" time="0.341" /><testcase classname="tests.test_skillstudio_email.TestSkillStudioEmail" name="test_220_m3_reply_full" time="0.415"><failure message="assert (5 == 4)">E   assert (5 == 4)</failure></testcase><testcase classname="tests.test_skillstudio_email.TestSkillStudioEmail" name="test_230_m4_reply_all_keeps_cc" time="0.339"><failure message="assert (5 == 3)">E   assert (5 == 3)</failure></testcase><testcase classname="tests.test_skillstudio_email.TestSkillStudioEmail" name="test_240_m5_forward" time="0.370"><failure message="assert (5 == 4)">E   assert (5 == 4)</failure></testcase><testcase classname="tests.test_skillstudio_email.TestSkillStudioEmail" name="test_250_m6_compose_new" time="0.409"><failure message="assert (5 == 4)">E   assert (5 == 4)</failure></testcase><testcase classname="tests.test_skillstudio_email.TestSkillStudioEmail" name="test_260_m7_to_cc_bcc" time="0.382"><failure message="assert (5 == 3)">E   assert (5 == 3)</failure></testcase><testcase classname="tests.test_skillstudio_email.TestSkillStudioEmail" name="test_270_m8_attach" time="0.444"><failure message="assert (4 == 3)">E   assert (4 == 3)</failure></testcase><testcase classname="tests.test_email_basics.TestEmailRegression" name="test_unknown_mission_404" time="0.186" /><testcase classname="tests.test_email_basics.TestEmailRegression" name="test_wrong_track_404" time="0.171" /><testcase classname="tests.test_skillstudio_email.TestSkillStudioEmail" name="test_280_m9_formatting" time="0.375"><failure message="assert (4 == 4 and 67 == 100)">E   assert (4 == 4 and 67 == 100)</failure></testcase><testcase classname="tests.test_email_basics.TestEmailRegression" name="test_unauth_401" time="0.155" /><testcase classname="tests.test_email_basics.TestEmailRegression" name="test_guide_submit_returns_preview" time="0.152" /><testcase classname="tests.test_skillstudio_email.TestSkillStudioEmail" name="test_300_m3_missing_greeting_fails_t3" time="0.335" /><testcase classname="tests.test_writing_coach.TestProofread" name="test_auth_required" time="0.199" /><testcase classname="tests.test_writing_coach.TestProofread" name="test_messy_text_returns_issues" time="7.207" /><testcase classname="tests.test_skillstudio_email.TestSkillStudioEmail" name="test_310_m5_note_too_short_fails" time="0.406" /><testcase classname="tests.test_skillstudio_email.TestSkillStudioEmail" name="test_320_m4_missing_cc_fails_cc_min" time="0.408" /><testcase classname="tests.test_skillstudio_email.TestSkillStudioEmail" name="test_330_m8_wrong_attachment_name_fails" time="0.385" /><testcase classname="tests.test_skillstudio_email.TestSkillStudioEmail" name="test_340_m9_bad_formatting_fails" time="0.475" /><testcase classname="tests.test_skillstudio_email.TestSkillStudioEmail" name="test_400_grade_scale_partial" time="0.421" /><testcase classname="tests.test_skillstudio_email.TestSkillStudioEmail" name="test_500_m10_professional_ai_pass" time="3.990" /><testcase classname="tests.test_skillstudio_email.TestSkillStudioEmail" name="test_510_m10_rude_ai_fail" time="5.374" /><testcase classname="tests.test_writing_coach.TestProofread" name="test_clean_text_no_issues" time="1.769" /><testcase classname="tests.test_writing_coach.TestProofread" name="test_empty_text" time="0.101" /><testcase classname="tests.test_writing_coach.TestProofread" name="test_missing_field_422" time="0.118" /><testcase classname="tests.test_writing_coach.TestProofread" name="test_punctuation_and_capitalization_detected" time="6.470" /><testcase classname="tests.test_skillstudio_email.TestSkillStudioEmail" name="test_900_progress_persisted" time="0.334"><failure message="AssertionError: email-m4 grade B&#10;assert 'B' == 'A'&#10;  &#10;  - A&#10;  + B">E   AssertionError: email-m4 grade B
    assert 'B' == 'A'
      
      - A
      + B</failure></testcase><testcase classname="tests.test_skillstudio_email.TestSkillStudioEmail" name="test_910_points_event_logged" time="0.004" /><testcase classname="tests.test_writing_coach.TestWritingGate" name="test_route_not_captured_by_track_route" time="0.167" /><testcase classname="tests.test_writing_coach.TestWritingGate" name="test_guide_can_set_and_explorer_inherits" time="0.515" /><testcase classname="tests.test_writing_coach.TestWritingGate" name="test_explorer_cannot_set_gate" time="0.125" /><testcase classname="tests.test_writing_coach.TestWritingGate" name="test_unauth_gate" time="0.172" /><testcase classname="tests.test_writing_coach.TestWritingGate" name="test_invalid_payload" time="0.096" /><testcase classname="tests.test_writing_coach.TestWritingFlagReports" name="test_submit_records_flag_and_reports_show_it" time="0.185" /><testcase classname="tests.test_writing_coach.TestWritingFlagReports" name="test_resubmit_clean_clears_flag" time="0.247"><failure message="AssertionError: flag not cleared after clean resubmit&#10;assert True is False">E   AssertionError: flag not cleared after clean resubmit
    assert True is False</failure></testcase><testcase classname="tests.test_writing_coach.TestWritingFlagReports" name="test_submit_defaults_writing_issues" time="0.128" /><testcase classname="tests.test_writing_coach.TestWritingFlagReports" name="test_reports_requires_guide" time="0.092" /><testcase classname="tests.test_email_basics.TestEmailB1" name="test_pass_when_teacher_email_opened" time="0.223" /><testcase classname="tests.test_email_basics.TestEmailB1" name="test_fail_when_only_notice_opened" time="0.234" /><testcase classname="tests.test_email_basics.TestReports" name="test_guide_reports_ok" time="0.165" /><testcase classname="tests.test_email_basics.TestReports" name="test_explorer_forbidden" time="0.235" /><testcase classname="tests.test_email_basics.TestEmailB2Picked" name="test_full_pass" time="0.183" /><testcase classname="tests.test_email_basics.TestEmailB2Picked" name="test_picked_missing_fails_t2_t3" time="0.214" /><testcase classname="tests.test_email_basics.TestEmailB2Picked" name="test_picked_empty_fails" time="0.186" /><testcase classname="tests.test_email_basics.TestEmailB2Picked" name="test_partial_picked_cc_only" time="0.213" /><testcase classname="tests.test_email_basics.TestEmailB2Picked" name="test_best_attempt_sticky_and_persisted" time="0.742" /></testsuite></testsuites>