<?xml version="1.0" encoding="utf-8"?><testsuites name="pytest tests"><testsuite name="pytest" errors="0" failures="0" skipped="1" tests="36" time="8.114" timestamp="2026-08-03T12:04:54.060263+00:00" hostname="agent-env-dc2a25ac-340e-40a1-a80f-d7dd2b7078f8"><testcase classname="tests.backend_test.TestRBAC" name="test_explorer_cannot_create_expedition" time="0.124" /><testcase classname="tests.backend_test.TestExpeditions" name="test_create_expedition" time="0.175" /><testcase classname="tests.backend_test.TestRBAC" name="test_guide_cannot_join" time="0.094" /><testcase classname="tests.backend_test.TestExpeditions" name="test_list_expeditions" time="0.090" /><testcase classname="tests.backend_test.TestRBAC" name="test_guide_cannot_submit_trial" time="0.096" /><testcase classname="tests.backend_test.TestExpeditions" name="test_get_expedition" time="0.092" /><testcase classname="tests.backend_test.TestRBAC" name="test_unauth_expeditions" time="0.092" /><testcase classname="tests.backend_test.TestExpeditions" name="test_join_invalid_code" time="0.094" /><testcase classname="tests.backend_test.TestTrial" name="test_submit_t1q1_full" time="0.097" /><testcase classname="tests.backend_test.TestExpeditions" name="test_explorer_joins_new_expedition" time="0.187" /><testcase classname="tests.backend_test.TestTrial" name="test_submit_three_of_four_fails_mastery" time="0.096" /><testcase classname="tests.backend_test.TestTrial" name="test_submit_partial" time="0.096" /><testcase classname="tests.backend_test.TestExpeditions" name="test_toggle_leaderboard" time="0.196" /><testcase classname="tests.backend_test.TestTrial" name="test_bad_quest" time="0.096" /><testcase classname="tests.backend_test.TestNewLabs" name="test_lab_awards_and_idempotent[t2-q1-t2]" time="0.501" /><testcase classname="tests.backend_test.TestLabs" name="test_lab_flow_and_idempotency" time="0.489" /><testcase classname="tests.backend_test.TestNewLabs" name="test_lab_awards_and_idempotent[t2-q2-t2]" time="0.402" /><testcase classname="tests.backend_test.TestLabs" name="test_lab_guide_forbidden" time="0.094" /><testcase classname="tests.backend_test.TestLabs" name="test_lab_unknown_quest_404" time="0.112" /><testcase classname="tests.backend_test.TestLabs" name="test_lab_completions_requires_auth" time="0.109" /><testcase classname="tests.backend_test.TestAuth" name="test_me_no_auth_401" time="0.098" /><testcase classname="tests.backend_test.TestNewLabs" name="test_lab_awards_and_idempotent[t2-q4-t2]" time="0.399" /><testcase classname="tests.backend_test.TestAuth" name="test_me_guide" time="0.093" /><testcase classname="tests.backend_test.TestAuth" name="test_me_explorer" time="0.097" /><testcase classname="tests.backend_test.TestLeaderboardTabs" name="test_metrics" time="0.624" /><testcase classname="tests.backend_test.TestNewLabs" name="test_points_event_logged_for_lab" time="0.007" /><testcase classname="tests.backend_test.TestGuideReview" name="test_reviews_visible_to_relevant_guide" time="0.102" /><testcase classname="tests.backend_test.TestGuideReview" name="test_approve_flow_if_review_exists" time="0.097"><skipped type="pytest.skip" message="No pending reviews for qa-guide - explorer's reflection may belong to a diff guide">/app/backend/tests/backend_test.py:211: No pending reviews for qa-guide - explorer's reflection may belong to a diff guide</skipped></testcase><testcase classname="tests.backend_test.TestGuideReview" name="test_mastery_report" time="0.195" /><testcase classname="tests.backend_test.TestLeaderboard" name="test_leaderboard_global" time="0.139" /><testcase classname="tests.backend_test.TestLeaderboardTabs" name="test_leaderboard_tier_and_fleet_present" time="0.090" /><testcase classname="tests.backend_test.TestLeaderboard" name="test_leaderboard_by_expedition" time="0.212" /><testcase classname="tests.backend_test.TestLeaderboardTabs" name="test_leaderboard_invalid_expedition_404" time="0.141" /><testcase classname="tests.backend_test.TestCopilot" name="test_copilot_stream" time="4.933" /><testcase classname="tests.backend_test.TestCurriculum" name="test_curriculum_public" time="1.271" /><testcase classname="tests.backend_test.TestLabQuests" name="test_lab_quests_exist" time="0.105" /></testsuite></testsuites>