<?xml version="1.0" encoding="utf-8"?><testsuites name="pytest tests"><testsuite name="pytest" errors="0" failures="1" skipped="0" tests="23" time="6.848" timestamp="2026-08-02T20:55:02.711496+00:00" hostname="agent-env-dc2a25ac-340e-40a1-a80f-d7dd2b7078f8"><testcase classname="tests.backend_test.TestRBAC" name="test_explorer_cannot_create_expedition" time="0.154" /><testcase classname="tests.backend_test.TestExpeditions" name="test_create_expedition" time="0.154" /><testcase classname="tests.backend_test.TestExpeditions" name="test_list_expeditions" time="0.105" /><testcase classname="tests.backend_test.TestRBAC" name="test_guide_cannot_join" time="0.175" /><testcase classname="tests.backend_test.TestExpeditions" name="test_get_expedition" time="0.102" /><testcase classname="tests.backend_test.TestRBAC" name="test_guide_cannot_submit_trial" time="0.101" /><testcase classname="tests.backend_test.TestExpeditions" name="test_join_invalid_code" time="0.137" /><testcase classname="tests.backend_test.TestRBAC" name="test_unauth_expeditions" time="0.132" /><testcase classname="tests.backend_test.TestExpeditions" name="test_explorer_joins_new_expedition" time="0.251" /><testcase classname="tests.backend_test.TestAuth" name="test_me_no_auth_401" time="0.142" /><testcase classname="tests.backend_test.TestAuth" name="test_me_guide" time="0.097" /><testcase classname="tests.backend_test.TestExpeditions" name="test_toggle_leaderboard" time="0.206" /><testcase classname="tests.backend_test.TestAuth" name="test_me_explorer" time="0.121" /><testcase classname="tests.backend_test.TestGuideReview" name="test_reviews_visible_to_relevant_guide" time="0.102" /><testcase classname="tests.backend_test.TestTrial" name="test_submit_t1q1_full" time="0.107" /><testcase classname="tests.backend_test.TestGuideReview" name="test_approve_flow_if_review_exists" time="0.518" /><testcase classname="tests.backend_test.TestTrial" name="test_submit_partial" time="0.143"><failure message="assert False is True">backend/tests/backend_test.py:140: in test_submit_partial
    assert d["mastery"] is True  # preserved from prev
    ^^^^^^^^^^^^^^^^^^^^^^^^^^^
E   assert False is True</failure></testcase><testcase classname="tests.backend_test.TestTrial" name="test_bad_quest" time="0.170" /><testcase classname="tests.backend_test.TestCurriculum" name="test_curriculum_public" time="0.107" /><testcase classname="tests.backend_test.TestCopilot" name="test_copilot_stream" time="4.852" /><testcase classname="tests.backend_test.TestGuideReview" name="test_mastery_report" time="1.463" /><testcase classname="tests.backend_test.TestLeaderboard" name="test_leaderboard_global" time="0.129" /><testcase classname="tests.backend_test.TestLeaderboard" name="test_leaderboard_by_expedition" time="0.196" /></testsuite></testsuites>