<?xml version="1.0" encoding="utf-8"?><testsuites name="pytest tests"><testsuite name="pytest" errors="0" failures="0" skipped="0" tests="15" time="16.606" timestamp="2026-08-26T01:56:59.602108+00:00" hostname="agent-env-dc2a25ac-340e-40a1-a80f-d7dd2b7078f8"><testcase classname="tests.test_writing_coach.TestWritingGate" name="test_route_not_captured_by_track_route" time="0.277" /><testcase classname="tests.test_writing_coach.TestProofread" name="test_auth_required" time="0.223" /><testcase classname="tests.test_writing_coach.TestProofread" name="test_messy_text_returns_issues" time="8.110" /><testcase classname="tests.test_writing_coach.TestWritingGate" name="test_guide_can_set_and_explorer_inherits" time="1.619" /><testcase classname="tests.test_writing_coach.TestWritingGate" name="test_explorer_cannot_set_gate" time="0.062" /><testcase classname="tests.test_writing_coach.TestWritingGate" name="test_unauth_gate" time="0.056" /><testcase classname="tests.test_writing_coach.TestWritingGate" name="test_invalid_payload" time="0.082" /><testcase classname="tests.test_writing_coach.TestWritingFlagReports" name="test_submit_records_flag_and_reports_show_it" time="0.141" /><testcase classname="tests.test_writing_coach.TestWritingFlagReports" name="test_resubmit_clean_clears_flag" time="0.125" /><testcase classname="tests.test_writing_coach.TestWritingFlagReports" name="test_submit_defaults_writing_issues" time="0.061" /><testcase classname="tests.test_writing_coach.TestWritingFlagReports" name="test_reports_requires_guide" time="0.059" /><testcase classname="tests.test_writing_coach.TestProofread" name="test_clean_text_no_issues" time="1.989" /><testcase classname="tests.test_writing_coach.TestProofread" name="test_empty_text" time="0.047" /><testcase classname="tests.test_writing_coach.TestProofread" name="test_missing_field_422" time="0.048" /><testcase classname="tests.test_writing_coach.TestProofread" name="test_punctuation_and_capitalization_detected" time="5.871" /></testsuite></testsuites>