<?xml version="1.0" encoding="utf-8"?><testsuites name="pytest tests"><testsuite name="pytest" errors="0" failures="0" skipped="0" tests="25" time="7.782" timestamp="2026-08-04T00:32:31.481920+00:00" hostname="agent-env-dc2a25ac-340e-40a1-a80f-d7dd2b7078f8"><testcase classname="tests.test_skillstudio.TestSkillStudioDocs" name="test_010_public_track_shape" time="0.184" /><testcase classname="tests.test_skillstudio.TestSkillStudioDocs" name="test_020_unknown_track_404" time="0.100" /><testcase classname="tests.test_skillstudio.TestSkillStudioDocs" name="test_030_unauth_get_401" time="0.096" /><testcase classname="tests.test_skillstudio.TestSkillStudioDocs" name="test_100_guide_403_on_submit" time="0.097" /><testcase classname="tests.test_skillstudio.TestSkillStudioDocs" name="test_110_unknown_mission_404" time="0.107" /><testcase classname="tests.test_skillstudio.TestSkillStudioDocs" name="test_120_wrong_track_404" time="0.098" /><testcase classname="tests.test_skillstudio.TestSkillStudioDocs" name="test_130_unauth_submit_401" time="0.100" /><testcase classname="tests.test_skillstudio.TestSkillStudioDocs" name="test_200_grade_scale_B_using_m12" time="0.242" /><testcase classname="tests.test_skillstudio.TestSkillStudioDocs" name="test_201_grade_scale_C_using_m12" time="0.836" /><testcase classname="tests.test_skillstudio.TestSkillStudioDocs" name="test_202_grade_scale_F_using_m12" time="0.207" /><testcase classname="tests.test_skillstudio.TestSkillStudioDocs" name="test_300_docs_m2_perfect_A" time="1.705" /><testcase classname="tests.test_skillstudio.TestSkillStudioDocs" name="test_310_docs_m2_partial_best_attempt_no_award" time="0.432" /><testcase classname="tests.test_skillstudio.TestSkillStudioDocs" name="test_400_docs_m1" time="0.221" /><testcase classname="tests.test_skillstudio.TestSkillStudioDocs" name="test_410_missions_perfect_A[docs-m4]" time="0.205" /><testcase classname="tests.test_skillstudio.TestSkillStudioDocs" name="test_410_missions_perfect_A[docs-m5]" time="0.200" /><testcase classname="tests.test_skillstudio.TestSkillStudioDocs" name="test_410_missions_perfect_A[docs-m6]" time="0.220" /><testcase classname="tests.test_skillstudio.TestSkillStudioDocs" name="test_410_missions_perfect_A[docs-m7]" time="0.228" /><testcase classname="tests.test_skillstudio.TestSkillStudioDocs" name="test_410_missions_perfect_A[docs-m8]" time="0.196" /><testcase classname="tests.test_skillstudio.TestSkillStudioDocs" name="test_410_missions_perfect_A[docs-m9]" time="0.243" /><testcase classname="tests.test_skillstudio.TestSkillStudioDocs" name="test_410_missions_perfect_A[docs-m10]" time="0.217" /><testcase classname="tests.test_skillstudio.TestSkillStudioDocs" name="test_410_missions_perfect_A[docs-m11]" time="0.205" /><testcase classname="tests.test_skillstudio.TestSkillStudioDocs" name="test_420_docs_m3_content_bug_impossible_to_score_A" time="0.208" /><testcase classname="tests.test_skillstudio.TestSkillStudioDocs" name="test_500_docs_m12_perfect_reaches_150_total" time="0.492" /><testcase classname="tests.test_skillstudio.TestSkillStudioDocs" name="test_900_points_event_written" time="0.003" /><testcase classname="tests.test_skillstudio.TestSkillStudioDocs" name="test_910_studio_progress_persisted" time="0.106" /></testsuite></testsuites>