<?xml version="1.0" encoding="utf-8"?><testsuites name="pytest tests"><testsuite name="pytest" errors="0" failures="0" skipped="0" tests="23" time="131.519" timestamp="2026-08-20T17:09:20.269765+00:00" hostname="agent-env-dc2a25ac-340e-40a1-a80f-d7dd2b7078f8"><testcase classname="tests.test_email_basics.TestEmailRegression" name="test_m1_deterministic" time="0.231" /><testcase classname="tests.test_email_basics.TestEmailTrackOrdering" name="test_mission_count" time="0.223" /><testcase classname="tests.test_email_basics.TestEmailTrackOrdering" name="test_order_sequence" time="0.000" /><testcase classname="tests.test_email_basics.TestEmailTrackOrdering" name="test_no_duplicate_orders" time="0.000" /><testcase classname="tests.test_email_basics.TestEmailTrackOrdering" name="test_new_mission_titles" time="0.000" /><testcase classname="tests.test_email_basics.TestEmailTrackOrdering" name="test_b2_task_checks" time="0.000" /><testcase classname="tests.test_email_basics.TestEmailTrackOrdering" name="test_b2_seed_doc_has_to_and_cc" time="0.000" /><testcase classname="tests.test_email_basics.TestEmailTrackOrdering" name="test_no_mongo_id_leak" time="0.000" /><testcase classname="tests.test_email_basics.TestEmailB2Picked" name="test_full_pass" time="0.272" /><testcase classname="tests.test_email_basics.TestEmailRegression" name="test_m8_attachment" time="0.177" /><testcase classname="tests.test_email_basics.TestEmailRegression" name="test_ai_mission_m10_sanity" time="9.656" /><testcase classname="tests.test_email_basics.TestEmailB2Picked" name="test_picked_missing_fails_t2_t3" time="5.202" /><testcase classname="tests.test_email_basics.TestEmailB2Picked" name="test_picked_empty_fails" time="0.167" /><testcase classname="tests.test_email_basics.TestEmailB2Picked" name="test_partial_picked_cc_only" time="0.151" /><testcase classname="tests.test_email_basics.TestEmailB2Picked" name="test_best_attempt_sticky_and_persisted" time="0.479" /><testcase classname="tests.test_email_basics.TestEmailB1" name="test_pass_when_teacher_email_opened" time="0.280" /><testcase classname="tests.test_email_basics.TestEmailB1" name="test_fail_when_only_notice_opened" time="0.147" /><testcase classname="tests.test_email_basics.TestReports" name="test_guide_reports_ok" time="0.187" /><testcase classname="tests.test_email_basics.TestReports" name="test_explorer_forbidden" time="0.222" /><testcase classname="tests.test_email_basics.TestEmailRegression" name="test_unknown_mission_404" time="120.419" /><testcase classname="tests.test_email_basics.TestEmailRegression" name="test_wrong_track_404" time="0.253" /><testcase classname="tests.test_email_basics.TestEmailRegression" name="test_unauth_401" time="0.160" /><testcase classname="tests.test_email_basics.TestEmailRegression" name="test_guide_cannot_submit" time="0.227" /></testsuite></testsuites>