<?xml version="1.0" encoding="utf-8"?><testsuites name="pytest tests"><testsuite name="pytest" errors="0" failures="0" skipped="0" tests="25" time="6.725" timestamp="2026-08-04T01:44:28.755308+00:00" hostname="agent-env-dc2a25ac-340e-40a1-a80f-d7dd2b7078f8"><testcase classname="tests.test_skillstudio_sheets.TestSkillStudioSheets" name="test_010_public_track_shape" time="0.147" /><testcase classname="tests.test_skillstudio_sheets.TestSkillStudioSheets" name="test_100_guide_403_on_submit" time="0.209" /><testcase classname="tests.test_skillstudio_sheets.TestSkillStudioSheets" name="test_110_unknown_mission_404" time="0.208" /><testcase classname="tests.test_skillstudio_sheets.TestSkillStudioSheets" name="test_120_wrong_track_404" time="0.103" /><testcase classname="tests.test_skillstudio_sheets.TestSkillStudioSheets" name="test_130_unauth_submit_401" time="0.128" /><testcase classname="tests.test_skillstudio_sheets.TestSkillStudioSheets" name="test_200_grade_scale_C_using_m11" time="0.236" /><testcase classname="tests.test_skillstudio_sheets.TestSkillStudioSheets" name="test_210_grade_scale_partial_below_best_sticky" time="0.321" /><testcase classname="tests.test_skillstudio_sheets.TestSkillStudioSheets" name="test_300_sheets_m2_perfect_A" time="0.452" /><testcase classname="tests.test_skillstudio_sheets.TestSkillStudioSheets" name="test_310_sheets_m2_partial_sticky" time="0.249" /><testcase classname="tests.test_skillstudio_sheets.TestSkillStudioSheets" name="test_400_sheets_m1_perfect" time="0.263" /><testcase classname="tests.test_skillstudio_sheets.TestSkillStudioSheets" name="test_410_sheets_m3_perfect_average" time="0.251" /><testcase classname="tests.test_skillstudio_sheets.TestSkillStudioSheets" name="test_420_sheets_m4_perfect_count" time="0.233" /><testcase classname="tests.test_skillstudio_sheets.TestSkillStudioSheets" name="test_430_sheets_m5_perfect_max_min" time="0.295" /><testcase classname="tests.test_skillstudio_sheets.TestSkillStudioSheets" name="test_440_sheets_m6_perfect_summary_row" time="0.226" /><testcase classname="tests.test_skillstudio_sheets.TestSkillStudioSheets" name="test_450_sheets_m7_perfect_sorted" time="0.220" /><testcase classname="tests.test_skillstudio_sheets.TestSkillStudioSheets" name="test_460_sheets_m8_perfect_bar_chart" time="0.244" /><testcase classname="tests.test_skillstudio_sheets.TestSkillStudioSheets" name="test_470_sheets_m9_perfect_pie_chart" time="0.206" /><testcase classname="tests.test_skillstudio_sheets.TestSkillStudioSheets" name="test_480_sheets_m10_perfect_multi_sheet" time="0.243" /><testcase classname="tests.test_skillstudio_sheets.TestSkillStudioSheets" name="test_500_sheets_m11_perfect_reaches_150_total" time="0.482" /><testcase classname="tests.test_skillstudio_sheets.TestSkillStudioSheets" name="test_600_cell_formula_case_and_space_insensitive" time="0.238" /><testcase classname="tests.test_skillstudio_sheets.TestSkillStudioSheets" name="test_610_cell_formula_wrong_function_fails_t1" time="0.277" /><testcase classname="tests.test_skillstudio_sheets.TestSkillStudioSheets" name="test_620_sorted_ascending_wrong_order_fails" time="0.304" /><testcase classname="tests.test_skillstudio_sheets.TestSkillStudioSheets" name="test_630_chart_range_type_mismatch_fails" time="0.238" /><testcase classname="tests.test_skillstudio_sheets.TestSkillStudioSheets" name="test_900_points_event_written" time="0.003" /><testcase classname="tests.test_skillstudio_sheets.TestSkillStudioSheets" name="test_910_studio_progress_persisted" time="0.190" /></testsuite></testsuites>