<?xml version="1.0" encoding="utf-8"?><testsuites name="pytest tests"><testsuite name="pytest" errors="0" failures="0" skipped="0" tests="16" time="1.887" timestamp="2026-08-04T00:12:52.504997+00:00" hostname="agent-env-dc2a25ac-340e-40a1-a80f-d7dd2b7078f8"><testcase classname="tests.test_new_features.TestCipherLab" name="test_cipher_lab_first_award_75" time="0.262" /><testcase classname="tests.test_new_features.TestPigpenChallenge" name="test_pigpen_first_award_50" time="0.189" /><testcase classname="tests.test_new_features.TestPigpenChallenge" name="test_pigpen_idempotent" time="0.109" /><testcase classname="tests.test_new_features.TestCipherLab" name="test_cipher_lab_idempotent" time="0.246" /><testcase classname="tests.test_new_features.TestPigpenChallenge" name="test_unknown_challenge_404" time="0.141" /><testcase classname="tests.test_new_features.TestPigpenChallenge" name="test_challenge_guide_forbidden" time="0.108" /><testcase classname="tests.test_new_features.TestCipherLab" name="test_cipher_lab_guide_forbidden" time="0.102" /><testcase classname="tests.test_new_features.TestPigpenChallenge" name="test_challenge_unauth" time="0.102" /><testcase classname="tests.test_new_features.TestCipherLab" name="test_cipher_lab_unauth" time="0.100" /><testcase classname="tests.test_new_features.TestCurriculumObjectives" name="test_curriculum_shape" time="0.165" /><testcase classname="tests.test_new_features.TestPhishingLab" name="test_phishing_lab_first_award_75" time="0.247" /><testcase classname="tests.test_new_features.TestCurriculumObjectives" name="test_every_quest_has_objective_and_learner_goal" time="0.107" /><testcase classname="tests.test_new_features.TestCurriculumObjectives" name="test_specific_learner_goals" time="0.131" /><testcase classname="tests.test_new_features.TestPhishingLab" name="test_phishing_lab_idempotent" time="0.139" /><testcase classname="tests.test_new_features.TestPointsEvents" name="test_points_events_logged" time="0.004" /><testcase classname="tests.test_new_features.TestPhishingLab" name="test_phishing_lab_guide_forbidden" time="0.105" /></testsuite></testsuites>