<?xml version="1.0" encoding="utf-8"?><testsuites name="pytest tests"><testsuite name="pytest" errors="0" failures="0" skipped="0" tests="31" time="44.169" timestamp="2026-08-04T13:27:00.098942+00:00" hostname="agent-env-dc2a25ac-340e-40a1-a80f-d7dd2b7078f8"><testcase classname="tests.test_skillstudio_slides.TestSkillStudioSlides" name="test_010_public_track_shape" time="11.376" /><testcase classname="tests.test_skillstudio_slides.TestSkillStudioSlides" name="test_100_guide_403_on_submit" time="0.142" /><testcase classname="tests.test_skillstudio_slides.TestSkillStudioSlides" name="test_110_unknown_mission_404" time="5.308" /><testcase classname="tests.test_skillstudio_slides.TestSkillStudioSlides" name="test_120_wrong_track_404" time="0.131" /><testcase classname="tests.test_skillstudio_slides.TestSkillStudioSlides" name="test_130_unauth_submit_401" time="19.816" /><testcase classname="tests.test_skillstudio_slides.TestSkillStudioSlides" name="test_200_grade_scale_D_using_m12" time="0.304" /><testcase classname="tests.test_skillstudio_slides.TestSkillStudioSlides" name="test_210_grade_scale_lower_sticky_best" time="0.273" /><testcase classname="tests.test_skillstudio_slides.TestSkillStudioSlides" name="test_300_m4_starter_fails_five_by_five" time="0.241" /><testcase classname="tests.test_skillstudio_slides.TestSkillStudioSlides" name="test_310_m4_more_than_five_bullets_fails" time="0.270" /><testcase classname="tests.test_skillstudio_slides.TestSkillStudioSlides" name="test_320_m4_one_bullet_over_five_words_fails" time="0.263" /><testcase classname="tests.test_skillstudio_slides.TestSkillStudioSlides" name="test_330_m4_valid_five_by_five_passes" time="0.276" /><testcase classname="tests.test_skillstudio_slides.TestSkillStudioSlides" name="test_340_m4_empty_bullets_fails_five_by_five" time="0.249" /><testcase classname="tests.test_skillstudio_slides.TestSkillStudioSlides" name="test_400_m1_perfect_title_and_subtitle" time="0.237" /><testcase classname="tests.test_skillstudio_slides.TestSkillStudioSlides" name="test_410_m2_perfect_three_slides" time="0.265" /><testcase classname="tests.test_skillstudio_slides.TestSkillStudioSlides" name="test_420_m3_perfect_bullets_min" time="0.254" /><testcase classname="tests.test_skillstudio_slides.TestSkillStudioSlides" name="test_430_m5_perfect_layouts" time="0.307" /><testcase classname="tests.test_skillstudio_slides.TestSkillStudioSlides" name="test_440_m6_perfect_theme" time="0.237" /><testcase classname="tests.test_skillstudio_slides.TestSkillStudioSlides" name="test_450_m7_perfect_image" time="0.268" /><testcase classname="tests.test_skillstudio_slides.TestSkillStudioSlides" name="test_460_m8_perfect_chart" time="0.244" /><testcase classname="tests.test_skillstudio_slides.TestSkillStudioSlides" name="test_470_m9_perfect_animation" time="0.225" /><testcase classname="tests.test_skillstudio_slides.TestSkillStudioSlides" name="test_480_m10_perfect_transition" time="0.255" /><testcase classname="tests.test_skillstudio_slides.TestSkillStudioSlides" name="test_490_m11_perfect_notes" time="0.250" /><testcase classname="tests.test_skillstudio_slides.TestSkillStudioSlides" name="test_495_m11_notes_below_min_fails" time="0.243" /><testcase classname="tests.test_skillstudio_slides.TestSkillStudioSlides" name="test_600_slide_theme_wrong_value_fails" time="0.257" /><testcase classname="tests.test_skillstudio_slides.TestSkillStudioSlides" name="test_610_slide_has_chart_type_mismatch_fails" time="0.257" /><testcase classname="tests.test_skillstudio_slides.TestSkillStudioSlides" name="test_620_animation_none_fails" time="0.268" /><testcase classname="tests.test_skillstudio_slides.TestSkillStudioSlides" name="test_630_transition_none_fails" time="0.267" /><testcase classname="tests.test_skillstudio_slides.TestSkillStudioSlides" name="test_640_slide_count_wrong_fails" time="0.237" /><testcase classname="tests.test_skillstudio_slides.TestSkillStudioSlides" name="test_700_m12_perfect_reaches_150_total" time="0.504" /><testcase classname="tests.test_skillstudio_slides.TestSkillStudioSlides" name="test_900_points_event_written_for_m4" time="0.003" /><testcase classname="tests.test_skillstudio_slides.TestSkillStudioSlides" name="test_910_studio_progress_persisted" time="0.117" /></testsuite></testsuites>