<?xml version="1.0" encoding="utf-8"?><testsuites name="pytest tests"><testsuite name="pytest" errors="0" failures="1" skipped="0" tests="15" time="15.663" timestamp="2026-08-26T02:09:01.441675+00:00" hostname="agent-env-dc2a25ac-340e-40a1-a80f-d7dd2b7078f8"><testcase classname="tests.test_writing_coach.TestWritingGate" name="test_route_not_captured_by_track_route" time="0.164" /><testcase classname="tests.test_writing_coach.TestProofread" name="test_auth_required" time="0.292" /><testcase classname="tests.test_writing_coach.TestWritingGate" name="test_guide_can_set_and_explorer_inherits" time="0.318" /><testcase classname="tests.test_writing_coach.TestProofread" name="test_messy_text_returns_issues" time="6.994" /><testcase classname="tests.test_writing_coach.TestWritingGate" name="test_explorer_cannot_set_gate" time="0.055" /><testcase classname="tests.test_writing_coach.TestWritingGate" name="test_unauth_gate" time="0.066" /><testcase classname="tests.test_writing_coach.TestWritingGate" name="test_invalid_payload" time="0.070" /><testcase classname="tests.test_writing_coach.TestWritingFlagReports" name="test_submit_records_flag_and_reports_show_it" time="0.155" /><testcase classname="tests.test_writing_coach.TestWritingFlagReports" name="test_resubmit_clean_clears_flag" time="0.130"><failure message="AssertionError: flag not cleared after clean resubmit&#10;assert True is False">tests/test_writing_coach.py:135: in test_resubmit_clean_clears_flag
    assert row["tracks"]["docs"]["writing_flag"] is False, "flag not cleared after clean resubmit"
E   AssertionError: flag not cleared after clean resubmit
E   assert True is False</failure></testcase><testcase classname="tests.test_writing_coach.TestWritingFlagReports" name="test_submit_defaults_writing_issues" time="0.062" /><testcase classname="tests.test_writing_coach.TestWritingFlagReports" name="test_reports_requires_guide" time="0.060" /><testcase classname="tests.test_writing_coach.TestProofread" name="test_clean_text_no_issues" time="1.667" /><testcase classname="tests.test_writing_coach.TestProofread" name="test_empty_text" time="0.061" /><testcase classname="tests.test_writing_coach.TestProofread" name="test_missing_field_422" time="0.058" /><testcase classname="tests.test_writing_coach.TestProofread" name="test_punctuation_and_capitalization_detected" time="6.275" /></testsuite></testsuites>