<?xml version="1.0" encoding="utf-8"?><testsuites name="pytest tests"><testsuite name="pytest" errors="0" failures="0" skipped="0" tests="19" time="3.147" timestamp="2026-08-22T19:17:53.404695+00:00" hostname="agent-env-dc2a25ac-340e-40a1-a80f-d7dd2b7078f8"><testcase classname="tests.test_studio_drafts_assignments.TestBlankSendNoReward" name="test_blank_new_email_awards_zero_points" time="0.331" /><testcase classname="tests.test_studio_drafts_assignments.TestAssignments" name="test_create_filters_invalid_missions" time="0.389" /><testcase classname="tests.test_studio_drafts_assignments.TestBlankSendNoReward" name="test_short_body_under_five_words_is_blank" time="0.132" /><testcase classname="tests.test_studio_drafts_assignments.TestAssignments" name="test_create_rejects_expedition_not_owned" time="0.153" /><testcase classname="tests.test_studio_drafts_assignments.TestBlankSendNoReward" name="test_good_email_awards_points" time="0.318" /><testcase classname="tests.test_studio_drafts_assignments.TestAssignments" name="test_create_rejects_all_invalid_missions" time="0.153" /><testcase classname="tests.test_studio_drafts_assignments.TestAssignments" name="test_explorer_forbidden_on_assignments" time="0.302" /><testcase classname="tests.test_studio_drafts_assignments.TestBlankSendNoReward" name="test_guide_preview_blank_flag_and_zero_points" time="0.138" /><testcase classname="tests.test_studio_drafts_assignments.TestDrafts" name="test_explorer_save_and_get_drafts" time="0.313" /><testcase classname="tests.test_studio_drafts_assignments.TestAssignments" name="test_list_shows_card_and_done_map" time="0.155" /><testcase classname="tests.test_studio_drafts_assignments.TestAssignments" name="test_done_true_only_when_score_at_least_60" time="0.227" /><testcase classname="tests.test_studio_drafts_assignments.TestDrafts" name="test_drafts_are_per_mission_and_overwrite" time="0.517" /><testcase classname="tests.test_studio_drafts_assignments.TestAssignments" name="test_me_assignments_for_explorer" time="0.229" /><testcase classname="tests.test_studio_drafts_assignments.TestAssignments" name="test_me_assignments_empty_for_unenrolled" time="0.137" /><testcase classname="tests.test_studio_drafts_assignments.TestAssignments" name="test_delete_assignment" time="0.383" /><testcase classname="tests.test_studio_drafts_assignments.TestDrafts" name="test_guide_put_skipped_and_get_empty" time="0.216" /><testcase classname="tests.test_studio_drafts_assignments.TestDrafts" name="test_drafts_requires_auth" time="0.119" /><testcase classname="tests.test_studio_drafts_assignments.TestRegression" name="test_email_b2_identify_grading" time="0.116" /><testcase classname="tests.test_studio_drafts_assignments.TestRegression" name="test_track_listing_has_14_missions" time="0.138" /></testsuite></testsuites>