<?xml version="1.0" encoding="utf-8"?><testsuites name="pytest tests"><testsuite name="pytest" errors="0" failures="0" skipped="0" tests="13" time="2.985" timestamp="2026-08-22T19:44:27.944556+00:00" hostname="agent-env-dc2a25ac-340e-40a1-a80f-d7dd2b7078f8"><testcase classname="tests.test_assessments.TestFinalExam" name="test_final_meta" time="0.263" /><testcase classname="tests.test_assessments.TestUnlockGate" name="test_locked_before_missions" time="0.318" /><testcase classname="tests.test_assessments.TestFinalExam" name="test_final_single_attempt" time="0.479" /><testcase classname="tests.test_assessments.TestUnlockGate" name="test_start_locked_403" time="0.172" /><testcase classname="tests.test_assessments.TestUnlockGate" name="test_unlocks_after_missions_passed" time="0.308" /><testcase classname="tests.test_assessments.TestFinalExam" name="test_unknown_assessment_404" time="0.122" /><testcase classname="tests.test_assessments.TestGuidePreview" name="test_guide_preview_not_persisted" time="0.250" /><testcase classname="tests.test_assessments.TestGradingAndPoints" name="test_fail_then_pass_points_and_retake_limit" time="0.840" /><testcase classname="tests.test_assessments.TestGuidePreview" name="test_guide_ignores_attempt_cap" time="0.373" /><testcase classname="tests.test_assessments.TestGradebook" name="test_reports_guide_only" time="0.110" /><testcase classname="tests.test_assessments.TestGradebook" name="test_reports_columns_and_rows" time="0.350" /><testcase classname="tests.test_assessments.TestGradingAndPoints" name="test_no_double_points_on_second_pass" time="0.539" /><testcase classname="tests.test_assessments.TestRandomization" name="test_two_starts_differ" time="0.240" /></testsuite></testsuites>