<?xml version="1.0" encoding="utf-8"?><testsuites name="pytest tests"><testsuite name="pytest" errors="0" failures="1" skipped="0" tests="43" time="11.687" timestamp="2026-08-22T14:56:54.306210+00:00" hostname="agent-env-dc2a25ac-340e-40a1-a80f-d7dd2b7078f8"><testcase classname="tests.test_email_basics.TestEmailRegression" name="test_m1_deterministic" time="0.297" /><testcase classname="tests.test_email_basics.TestEmailRegression" name="test_m8_attachment" time="0.200" /><testcase classname="tests.test_email_basics.TestEmailTrackOrdering" name="test_mission_count" time="0.313" /><testcase classname="tests.test_email_basics.TestEmailTrackOrdering" name="test_order_sequence" time="0.001" /><testcase classname="tests.test_email_basics.TestEmailTrackOrdering" name="test_no_duplicate_orders" time="0.000" /><testcase classname="tests.test_email_basics.TestEmailTrackOrdering" name="test_new_mission_titles" time="0.001" /><testcase classname="tests.test_email_basics.TestEmailTrackOrdering" name="test_b2_task_checks" time="0.001" /><testcase classname="tests.test_email_basics.TestEmailTrackOrdering" name="test_b2_seed_doc_has_to_and_cc" time="0.001" /><testcase classname="tests.test_email_basics.TestEmailTrackOrdering" name="test_no_mongo_id_leak" time="0.000" /><testcase classname="tests.test_email_feedback_batch.TestRegression" name="test_m4_reply_all_full_pass" time="0.238" /><testcase classname="tests.test_email_basics.TestEmailRegression" name="test_ai_mission_m10_sanity" time="7.780" /><testcase classname="tests.test_email_feedback_batch.TestRegression" name="test_m4_blank_replyall_not_100" time="4.548" /><testcase classname="tests.test_email_feedback_batch.TestRegression" name="test_m8_attachment_full_pass" time="0.225" /><testcase classname="tests.test_email_feedback_batch.TestRegression" name="test_m8_blank_with_attachment_not_100" time="0.116" /><testcase classname="tests.test_email_feedback_batch.TestRegression" name="test_m5_forward_full_pass" time="0.119" /><testcase classname="tests.test_email_feedback_batch.TestRegression" name="test_m10_ai_sanity" time="3.344" /><testcase classname="tests.test_email_basics.TestEmailRegression" name="test_unknown_mission_404" time="0.147" /><testcase classname="tests.test_email_basics.TestEmailRegression" name="test_wrong_track_404" time="0.121" /><testcase classname="tests.test_email_basics.TestEmailRegression" name="test_unauth_401" time="0.104" /><testcase classname="tests.test_email_basics.TestEmailRegression" name="test_guide_cannot_submit" time="0.136"><failure message="assert 200 == 403&#10; +  where 200 = &lt;Response [200]&gt;.status_code">tests/test_email_basics.py:247: in test_guide_cannot_submit
    assert r.status_code == 403
E   assert 200 == 403
E    +  where 200 = &lt;Response [200]&gt;.status_code</failure></testcase><testcase classname="tests.test_email_feedback_batch.TestBlankSendM3" name="test_blank_reply_scores_low" time="0.124" /><testcase classname="tests.test_email_basics.TestEmailB2Picked" name="test_full_pass" time="0.126" /><testcase classname="tests.test_email_feedback_batch.TestBlankSendM3" name="test_proper_reply_scores_100" time="0.150" /><testcase classname="tests.test_email_basics.TestEmailB2Picked" name="test_picked_missing_fails_t2_t3" time="0.242" /><testcase classname="tests.test_email_feedback_batch.TestBlankSendM3" name="test_short_body_fails_word_count" time="0.135" /><testcase classname="tests.test_email_feedback_batch.TestBlankSendM3" name="test_legacy_doc_without_bodystudent_falls_back" time="0.163" /><testcase classname="tests.test_email_basics.TestEmailB2Picked" name="test_picked_empty_fails" time="0.168" /><testcase classname="tests.test_email_basics.TestEmailB2Picked" name="test_partial_picked_cc_only" time="0.188" /><testcase classname="tests.test_email_feedback_batch.TestTrackAndInboxes" name="test_14_missions" time="0.195" /><testcase classname="tests.test_email_feedback_batch.TestTrackAndInboxes" name="test_inboxes_padded_to_10" time="0.000" /><testcase classname="tests.test_email_feedback_batch.TestTrackAndInboxes" name="test_filler_rows_have_gmail_fields" time="0.000" /><testcase classname="tests.test_email_feedback_batch.TestTrackAndInboxes" name="test_no_mongo_id_leak" time="0.000" /><testcase classname="tests.test_email_feedback_batch.TestBlankSendM7" name="test_recipients_only_not_100" time="0.155" /><testcase classname="tests.test_email_basics.TestEmailB2Picked" name="test_best_attempt_sticky_and_persisted" time="0.472" /><testcase classname="tests.test_email_feedback_batch.TestBlankSendM7" name="test_complete_email_scores_100" time="0.152" /><testcase classname="tests.test_email_basics.TestEmailB1" name="test_pass_when_teacher_email_opened" time="0.125" /><testcase classname="tests.test_email_basics.TestEmailB1" name="test_fail_when_only_notice_opened" time="0.166" /><testcase classname="tests.test_email_basics.TestReports" name="test_guide_reports_ok" time="0.135" /><testcase classname="tests.test_email_feedback_batch.TestEmailB2Bcc" name="test_task_shape" time="0.163" /><testcase classname="tests.test_email_feedback_batch.TestEmailB2Bcc" name="test_all_picked_100" time="0.173" /><testcase classname="tests.test_email_basics.TestReports" name="test_explorer_forbidden" time="0.177" /><testcase classname="tests.test_email_feedback_batch.TestEmailB2Bcc" name="test_missing_bcc_75" time="0.218" /><testcase classname="tests.test_email_feedback_batch.TestGuidePreview" name="test_guide_gets_preview_result_no_persistence" time="0.258" /></testsuite></testsuites>