<?xml version="1.0" encoding="utf-8"?><testsuites name="pytest tests"><testsuite name="pytest" errors="0" failures="0" skipped="0" tests="25" time="17.309" timestamp="2026-08-20T16:10:58.829630+00:00" hostname="agent-env-dc2a25ac-340e-40a1-a80f-d7dd2b7078f8"><testcase classname="tests.test_skillstudio_email.TestSkillStudioEmail" name="test_010_public_track_shape" time="0.213" /><testcase classname="tests.test_skillstudio_email.TestSkillStudioEmail" name="test_100_guide_submit_403" time="0.154" /><testcase classname="tests.test_skillstudio_email.TestSkillStudioEmail" name="test_110_unknown_mission_404" time="0.121" /><testcase classname="tests.test_skillstudio_email.TestSkillStudioEmail" name="test_120_wrong_track_404" time="0.141" /><testcase classname="tests.test_skillstudio_email.TestSkillStudioEmail" name="test_130_unauth_submit_401" time="0.161" /><testcase classname="tests.test_skillstudio_email.TestSkillStudioEmail" name="test_140_reports_guide_ok_explorer_403" time="0.368" /><testcase classname="tests.test_skillstudio_email.TestSkillStudioEmail" name="test_200_m1_open_inbox_emails" time="0.328" /><testcase classname="tests.test_skillstudio_email.TestSkillStudioEmail" name="test_210_m2_search_and_open" time="0.309" /><testcase classname="tests.test_skillstudio_email.TestSkillStudioEmail" name="test_220_m3_reply_full" time="0.349" /><testcase classname="tests.test_skillstudio_email.TestSkillStudioEmail" name="test_230_m4_reply_all_keeps_cc" time="0.343" /><testcase classname="tests.test_skillstudio_email.TestSkillStudioEmail" name="test_240_m5_forward" time="0.274" /><testcase classname="tests.test_skillstudio_email.TestSkillStudioEmail" name="test_250_m6_compose_new" time="0.332" /><testcase classname="tests.test_skillstudio_email.TestSkillStudioEmail" name="test_260_m7_to_cc_bcc" time="0.300" /><testcase classname="tests.test_skillstudio_email.TestSkillStudioEmail" name="test_270_m8_attach" time="0.304" /><testcase classname="tests.test_skillstudio_email.TestSkillStudioEmail" name="test_280_m9_formatting" time="0.311" /><testcase classname="tests.test_skillstudio_email.TestSkillStudioEmail" name="test_300_m3_missing_greeting_fails_t3" time="0.310" /><testcase classname="tests.test_skillstudio_email.TestSkillStudioEmail" name="test_310_m5_note_too_short_fails" time="0.338" /><testcase classname="tests.test_skillstudio_email.TestSkillStudioEmail" name="test_320_m4_missing_cc_fails_cc_min" time="0.330" /><testcase classname="tests.test_skillstudio_email.TestSkillStudioEmail" name="test_330_m8_wrong_attachment_name_fails" time="0.364" /><testcase classname="tests.test_skillstudio_email.TestSkillStudioEmail" name="test_340_m9_bad_formatting_fails" time="0.330" /><testcase classname="tests.test_skillstudio_email.TestSkillStudioEmail" name="test_400_grade_scale_partial" time="0.328" /><testcase classname="tests.test_skillstudio_email.TestSkillStudioEmail" name="test_500_m10_professional_ai_pass" time="4.875" /><testcase classname="tests.test_skillstudio_email.TestSkillStudioEmail" name="test_510_m10_rude_ai_fail" time="5.245" /><testcase classname="tests.test_skillstudio_email.TestSkillStudioEmail" name="test_900_progress_persisted" time="0.255" /><testcase classname="tests.test_skillstudio_email.TestSkillStudioEmail" name="test_910_points_event_logged" time="0.004" /></testsuite></testsuites>